
An unexpected exception has been detected in native code outside the VM.
Unexpected Signal : EXCEPTION_ACCESS_VIOLATION (0xc0000005) occurred at PC=0x56F1E3C
Function=Java_sun_awt_windows_Win32SurfaceData_initOps+0xFC
Library=C:\Users\azimv\OneDrive\Documents\RTP A\Ready to Program\Support\jre142_01\bin\awt.dll

Current Java thread:
	at sun.awt.windows.Win32SurfaceData.initOps(Native Method)
	at sun.awt.windows.Win32SurfaceData.<init>(Unknown Source)
	at sun.awt.windows.Win32SurfaceData.createData(Unknown Source)
	at sun.awt.windows.WComponentPeer.replaceSurfaceData(Unknown Source)
	- locked <0x105f0dd0> (a sun.awt.windows.WFramePeer)
	- locked <0x10520910> (a java.awt.Component$AWTTreeLock)
	at sun.awt.windows.WComponentPeer$2.run(Unknown Source)
	at java.awt.event.InvocationEvent.dispatch(Unknown Source)
	at java.awt.EventQueue.dispatchEvent(Unknown Source)
	at java.awt.EventDispatchThread.pumpOneEventForHierarchy(Unknown Source)
	at java.awt.EventDispatchThread.pumpEventsForHierarchy(Unknown Source)
	at java.awt.EventDispatchThread.pumpEvents(Unknown Source)
	at java.awt.EventDispatchThread.pumpEvents(Unknown Source)
	at java.awt.EventDispatchThread.run(Unknown Source)

Dynamic libraries:
0x00400000 - 0x00437000 	C:\Users\azimv\OneDrive\Documents\RTP A\Ready to Program\Support\Bin\javasup.exe
0x77B00000 - 0x77CB1000 	C:\WINDOWS\SYSTEM32\ntdll.dll
0x76E80000 - 0x76F70000 	C:\WINDOWS\System32\KERNEL32.DLL
0x77080000 - 0x772F4000 	C:\WINDOWS\System32\KERNELBASE.dll
0x702F0000 - 0x70396000 	C:\WINDOWS\SYSTEM32\apphelp.dll
0x6F460000 - 0x6F6C2000 	C:\WINDOWS\SYSTEM32\AcGenral.DLL
0x76B00000 - 0x76BC4000 	C:\WINDOWS\System32\msvcrt.dll
0x77420000 - 0x774A5000 	C:\WINDOWS\System32\sechost.dll
0x76FA0000 - 0x76FBA000 	C:\WINDOWS\System32\bcrypt.dll
0x75D00000 - 0x75D4B000 	C:\WINDOWS\System32\SHLWAPI.dll
0x76950000 - 0x76AF8000 	C:\WINDOWS\System32\USER32.dll
0x75F40000 - 0x75F5A000 	C:\WINDOWS\System32\win32u.dll
0x75F60000 - 0x75F83000 	C:\WINDOWS\System32\GDI32.dll
0x77700000 - 0x777E2000 	C:\WINDOWS\System32\gdi32full.dll
0x77310000 - 0x77389000 	C:\WINDOWS\System32\msvcp_win.dll
0x75E20000 - 0x75F32000 	C:\WINDOWS\System32\ucrtbase.dll
0x75BB0000 - 0x75D00000 	C:\WINDOWS\System32\ole32.dll
0x77810000 - 0x77A8D000 	C:\WINDOWS\System32\combase.dll
0x76FC0000 - 0x7707A000 	C:\WINDOWS\System32\RPCRT4.dll
0x77520000 - 0x775BC000 	C:\WINDOWS\System32\OLEAUT32.dll
0x77680000 - 0x776FF000 	C:\WINDOWS\System32\advapi32.dll
0x76C30000 - 0x76CF1000 	C:\WINDOWS\System32\shcore.dll
0x75F90000 - 0x76628000 	C:\WINDOWS\System32\SHELL32.dll
0x70980000 - 0x709FF000 	C:\WINDOWS\SYSTEM32\UxTheme.dll
0x70920000 - 0x70951000 	C:\WINDOWS\SYSTEM32\WINMM.dll
0x70890000 - 0x708A6000 	C:\WINDOWS\SYSTEM32\samcli.dll
0x70870000 - 0x70889000 	C:\WINDOWS\SYSTEM32\MSACM32.dll
0x74CB0000 - 0x74CB8000 	C:\WINDOWS\SYSTEM32\VERSION.dll
0x71170000 - 0x71194000 	C:\WINDOWS\SYSTEM32\USERENV.dll
0x70840000 - 0x70864000 	C:\WINDOWS\SYSTEM32\dwmapi.dll
0x70080000 - 0x70222000 	C:\WINDOWS\SYSTEM32\urlmon.dll
0x707C0000 - 0x7083F000 	C:\WINDOWS\SYSTEM32\WINSPOOL.DRV
0x75530000 - 0x75559000 	C:\WINDOWS\SYSTEM32\ntmarta.dll
0x707A0000 - 0x707B9000 	C:\WINDOWS\SYSTEM32\MPR.dll
0x703D0000 - 0x703F6000 	C:\WINDOWS\SYSTEM32\SspiCli.dll
0x6FD10000 - 0x6FF48000 	C:\WINDOWS\SYSTEM32\iertutil.dll
0x6FFD0000 - 0x6FFED000 	C:\WINDOWS\SYSTEM32\srvcli.dll
0x6FF50000 - 0x6FF5B000 	C:\WINDOWS\SYSTEM32\netutils.dll
0x76F70000 - 0x76F95000 	C:\WINDOWS\System32\IMM32.DLL
0x775C0000 - 0x77672000 	C:\WINDOWS\System32\comdlg32.dll
0x10000000 - 0x10029000 	C:\Users\azimv\OneDrive\Documents\RTP A\Ready to Program\Support\Bin\jsdll.dll
0x70540000 - 0x705D1000 	C:\WINDOWS\WinSxS\x86_microsoft.windows.common-controls_6595b64144ccf1df_5.82.22621.2506_none_fbe8e1f07808be9b\COMCTL32.dll
0x08000000 - 0x08136000 	C:\Users\azimv\OneDrive\Documents\RTP A\Ready to Program\Support\jre142_01\bin\client\jvm.dll
0x00920000 - 0x00927000 	C:\Users\azimv\OneDrive\Documents\RTP A\Ready to Program\Support\jre142_01\bin\hpi.dll
0x00940000 - 0x0094E000 	C:\Users\azimv\OneDrive\Documents\RTP A\Ready to Program\Support\jre142_01\bin\verify.dll
0x022C0000 - 0x022D8000 	C:\Users\azimv\OneDrive\Documents\RTP A\Ready to Program\Support\jre142_01\bin\java.dll
0x02430000 - 0x0243D000 	C:\Users\azimv\OneDrive\Documents\RTP A\Ready to Program\Support\jre142_01\bin\zip.dll
0x04CF0000 - 0x04D0C000 	C:\Users\azimv\OneDrive\Documents\RTP A\Ready to Program\Support\jre142_01\bin\jdwp.dll
0x02440000 - 0x02446000 	C:\Users\azimv\OneDrive\Documents\RTP A\Ready to Program\Support\jre142_01\bin\dt_shmem.dll
0x05690000 - 0x0579F000 	C:\Users\azimv\OneDrive\Documents\RTP A\Ready to Program\Support\jre142_01\bin\awt.dll
0x057B0000 - 0x05800000 	C:\Users\azimv\OneDrive\Documents\RTP A\Ready to Program\Support\jre142_01\bin\fontmanager.dll
0x70450000 - 0x7053B000 	C:\WINDOWS\SYSTEM32\ddraw.dll
0x6F390000 - 0x6F45A000 	C:\WINDOWS\SYSTEM32\dxgi.dll
0x70720000 - 0x70727000 	C:\WINDOWS\SYSTEM32\DCIMAN32.dll
0x706F0000 - 0x7071D000 	C:\WINDOWS\SYSTEM32\dxcore.dll
0x5C320000 - 0x5C45C000 	C:\WINDOWS\System32\DriverStore\FileRepository\iigd_dch.inf_amd64_e6980897e3126266\igdumdim32.dll
0x56CC0000 - 0x5A7CC000 	C:\WINDOWS\System32\DriverStore\FileRepository\iigd_dch.inf_amd64_e6980897e3126266\igd9dxva32.dll
0x75770000 - 0x75BAD000 	C:\WINDOWS\System32\SETUPAPI.dll
0x75690000 - 0x756CD000 	C:\WINDOWS\SYSTEM32\cfgmgr32.dll
0x5C0B0000 - 0x5C315000 	C:\WINDOWS\System32\DriverStore\FileRepository\iigd_dch.inf_amd64_e6980897e3126266\igdgmm32.dll
0x60030000 - 0x6004E000 	C:\WINDOWS\System32\DriverStore\FileRepository\iigd_dch.inf_amd64_e6980897e3126266\igdinfo32.dll
0x72F00000 - 0x72F15000 	C:\WINDOWS\SYSTEM32\CRYPTSP.dll
0x72ED0000 - 0x72F00000 	C:\WINDOWS\system32\rsaenh.dll
0x72EC0000 - 0x72ECB000 	C:\WINDOWS\SYSTEM32\CRYPTBASE.dll
0x774B0000 - 0x77512000 	C:\WINDOWS\System32\bcryptPrimitives.dll
0x545B0000 - 0x56CBA000 	C:\WINDOWS\System32\DriverStore\FileRepository\iigd_dch.inf_amd64_e6980897e3126266\igc32.dll
0x5CF30000 - 0x5CF95000 	C:\WINDOWS\SYSTEM32\D3DIM700.DLL
0x68400000 - 0x68494000 	C:\WINDOWS\System32\DriverStore\FileRepository\nvlti.inf_amd64_9a2c79b60d6607c6\nvldumd.dll
0x744E0000 - 0x744EE000 	C:\WINDOWS\SYSTEM32\msasn1.dll
0x6FFA0000 - 0x6FFC7000 	C:\WINDOWS\SYSTEM32\cryptnet.dll
0x767D0000 - 0x768D3000 	C:\WINDOWS\System32\CRYPT32.dll
0x6F120000 - 0x6F229000 	C:\WINDOWS\SYSTEM32\drvstore.dll
0x70E90000 - 0x70EB4000 	C:\WINDOWS\SYSTEM32\devobj.dll
0x6FBF0000 - 0x6FC34000 	C:\WINDOWS\SYSTEM32\wldp.dll
0x77A90000 - 0x77AE8000 	C:\WINDOWS\System32\wintrust.dll
0x777F0000 - 0x7780B000 	C:\WINDOWS\System32\imagehlp.dll
0x666A0000 - 0x681EE000 	C:\WINDOWS\System32\DriverStore\FileRepository\nvlti.inf_amd64_9a2c79b60d6607c6\nvgpucomp32.dll
0x51E30000 - 0x545A8000 	C:\WINDOWS\System32\DriverStore\FileRepository\nvlti.inf_amd64_9a2c79b60d6607c6\nvd3dum.dll
0x74E40000 - 0x7552C000 	C:\WINDOWS\SYSTEM32\windows.storage.dll
0x74CE0000 - 0x74DA7000 	C:\WINDOWS\SYSTEM32\wintypes.dll
0x5AD20000 - 0x5AF4A000 	C:\WINDOWS\system32\nvspcap.dll
0x72480000 - 0x7249D000 	C:\WINDOWS\SYSTEM32\profapi.dll
0x6FF70000 - 0x6FF91000 	C:\WINDOWS\SYSTEM32\gpapi.dll
0x76630000 - 0x7672C000 	C:\WINDOWS\System32\MSCTF.dll
0x74CC0000 - 0x74CD3000 	C:\WINDOWS\SYSTEM32\kernel.appcore.dll
0x6AC30000 - 0x6AD29000 	C:\WINDOWS\SYSTEM32\textinputframework.dll
0x6C510000 - 0x6C5DE000 	C:\WINDOWS\SYSTEM32\CoreMessaging.dll
0x62260000 - 0x624F1000 	C:\WINDOWS\SYSTEM32\CoreUIComponents.dll
0x1C9F0000 - 0x1CA0E000 	C:\Users\azimv\OneDrive\Documents\RTP A\Ready to Program\Support\jre142_01\bin\jpeg.dll
0x77390000 - 0x77412000 	C:\WINDOWS\System32\clbcatq.dll
0x68AE0000 - 0x68B2C000 	C:\WINDOWS\system32\dataexchange.dll
0x688F0000 - 0x68ADB000 	C:\WINDOWS\system32\twinapi.appcore.dll
0x70B60000 - 0x70D88000 	C:\WINDOWS\WinSxS\x86_microsoft.windows.common-controls_6595b64144ccf1df_6.0.22621.2506_none_6eb991c088050a06\comctl32.DLL
0x5CFA0000 - 0x5D035000 	C:\WINDOWS\SYSTEM32\TextShaping.dll
0x6E470000 - 0x6E646000 	C:\WINDOWS\System32\dbghelp.dll
0x76D00000 - 0x76D06000 	C:\WINDOWS\System32\PSAPI.DLL

Heap at VM Abort:
Heap
 def new generation   total 2304K, used 1738K [0x10030000, 0x102b0000, 0x10510000)
  eden space 2048K,  84% used [0x10030000, 0x101e2af0, 0x10230000)
  from space 256K,   0% used [0x10230000, 0x10230000, 0x10270000)
  to   space 256K,   0% used [0x10270000, 0x10270000, 0x102b0000)
 tenured generation   total 29848K, used 29433K [0x10510000, 0x12236000, 0x14030000)
   the space 29848K,  98% used [0x10510000, 0x121ce630, 0x121ce800, 0x12236000)
 compacting perm gen  total 4864K, used 4694K [0x14030000, 0x144f0000, 0x18030000)
   the space 4864K,  96% used [0x14030000, 0x144c5880, 0x144c5a00, 0x144f0000)

Local Time = Sun Jan 21 01:08:49 2024
Elapsed Time = 40
#
# The exception above was detected in native code outside the VM
#
# Java VM: Java HotSpot(TM) Client VM (1.4.2_01-b06 mixed mode)
#
